<?xml version="1.0" encoding="UTF-8"?>
<testng-results ignored="0" total="1" passed="1" failed="0" skipped="0">
  <reporter-output>
  </reporter-output>
  <suite started-at="2023-10-01T00:42:02Z" name="Default suite" finished-at="2023-10-01T00:42:06Z" duration-ms="4053">
    <groups>
    </groups>
    <test started-at="2023-10-01T00:42:02Z" name="Default test" finished-at="2023-10-01T00:42:06Z" duration-ms="4053">
      <class name="pruebaSelenium.NewTest">
        <test-method signature="f()[pri:0, instance:pruebaSelenium.NewTest@4671115f]" started-at="2023-09-30T18:42:02Z" name="f" finished-at="2023-09-30T18:42:06Z" duration-ms="4038" status="PASS">
          <reporter-output>
          </reporter-output>
        </test-method> <!-- f -->
      </class> <!-- pruebaSelenium.NewTest -->
    </test> <!-- Default test -->
  </suite> <!-- Default suite -->
</testng-results>
